[ 2013-06-09T13:57:42+08:00 ] 127.0.0.1 /Public/Css/Index/index.css
ERR: 无法加载模块:Public

[ 2013-06-09T13:57:43+08:00 ] 127.0.0.1 /favicon.ico
ERR: 无法加载模块:favicon.ico

[ 2013-06-09T13:57:43+08:00 ] 127.0.0.1 /favicon.ico
ERR: 无法加载模块:favicon.ico

[ 2013-06-09T13:59:01+08:00 ] 127.0.0.1 /Public/Css/Index/index.css
ERR: 无法加载模块:Public

[ 2013-06-09T14:01:00+08:00 ] 127.0.0.1 /Public/Css/Index/index.css
ERR: 无法加载模块:Public

[ 2013-06-09T14:01:40+08:00 ] 127.0.0.1 /Public/Css/Index/index.css
ERR: 无法加载模块:Public

[ 2013-06-09T14:24:11+08:00 ] 127.0.0.1 /Public/Css/Index/index.css
ERR: 无法加载模块:Public

[ 2013-06-09T14:24:23+08:00 ] 127.0.0.1 /Public/Css/Index/index.css
ERR: 无法加载模块:Public

[ 2013-06-09T14:24:24+08:00 ] 127.0.0.1 /Public/Css/Index/index.css
ERR: 无法加载模块:Public

[ 2013-06-09T15:14:40+08:00 ] 127.0.0.1 /Public/images/idx_btnbg.gif
ERR: 无法加载模块:Public

[ 2013-06-09T15:14:50+08:00 ] 127.0.0.1 /admin/Index/index
INFO: [ view_template ] --START--
INFO: Run LocationTemplate Behavior [ RunTime:0.001557s ]
INFO: [ view_template ] --END-- [ RunTime:0.001680s ]
INFO: [ view_parse ] --START--
INFO: Run ParseTemplate Behavior [ RunTime:0.134392s ]
INFO: [ view_parse ] --END-- [ RunTime:0.134554s ]
INFO: [ view_filter ] --START--
INFO: Run ContentReplace Behavior [ RunTime:0.000486s ]
INFO: Run TokenBuild Behavior [ RunTime:0.000463s ]
INFO: Run WriteHtmlCache Behavior [ RunTime:0.000374s ]
INFO: Run ShowRuntime Behavior [ RunTime:0.000605s ]
INFO: [ view_filter ] --END-- [ RunTime:0.002183s ]
INFO: [ view_end ] --START--
INFO: Run ShowPageTrace Behavior [ RunTime:0.000815s ]
INFO: [ view_end ] --END-- [ RunTime:0.000910s ]

[ 2013-06-09T15:14:50+08:00 ] 127.0.0.1 /admin/Public/drag
INFO: [ view_template ] --START--
INFO: Run LocationTemplate Behavior [ RunTime:0.039885s ]
INFO: [ view_template ] --END-- [ RunTime:0.040074s ]
INFO: [ view_parse ] --START--
INFO: Run ParseTemplate Behavior [ RunTime:0.041951s ]
INFO: [ view_parse ] --END-- [ RunTime:0.042120s ]
INFO: [ view_filter ] --START--
INFO: Run ContentReplace Behavior [ RunTime:0.001589s ]
INFO: Run TokenBuild Behavior [ RunTime:0.001433s ]
INFO: Run WriteHtmlCache Behavior [ RunTime:0.001554s ]
INFO: Run ShowRuntime Behavior [ RunTime:0.001685s ]
INFO: [ view_filter ] --END-- [ RunTime:0.006572s ]
INFO: [ view_end ] --START--
INFO: Run ShowPageTrace Behavior [ RunTime:0.001887s ]
INFO: [ view_end ] --END-- [ RunTime:0.001988s ]

[ 2013-06-09T15:14:50+08:00 ] 127.0.0.1 /admin/Public/top
INFO: [ view_template ] --START--
INFO: Run LocationTemplate Behavior [ RunTime:0.001691s ]
INFO: [ view_template ] --END-- [ RunTime:0.001896s ]
INFO: [ view_parse ] --START--
INFO: Run ParseTemplate Behavior [ RunTime:0.033941s ]
INFO: [ view_parse ] --END-- [ RunTime:0.034100s ]
INFO: [ view_filter ] --START--
INFO: Run ContentReplace Behavior [ RunTime:0.000479s ]
INFO: Run TokenBuild Behavior [ RunTime:0.000617s ]
INFO: Run WriteHtmlCache Behavior [ RunTime:0.000307s ]
INFO: Run ShowRuntime Behavior [ RunTime:0.000915s ]
INFO: [ view_filter ] --END-- [ RunTime:0.002591s ]
INFO: [ view_end ] --START--
INFO: Run ShowPageTrace Behavior [ RunTime:0.000797s ]
INFO: [ view_end ] --END-- [ RunTime:0.000900s ]

[ 2013-06-09T15:14:50+08:00 ] 127.0.0.1 /admin/Public/menu
INFO: [ view_template ] --START--
INFO: Run LocationTemplate Behavior [ RunTime:0.022029s ]
INFO: [ view_template ] --END-- [ RunTime:0.022208s ]
INFO: [ view_parse ] --START--
INFO: Run ParseTemplate Behavior [ RunTime:0.024195s ]
INFO: [ view_parse ] --END-- [ RunTime:0.024344s ]
INFO: [ view_filter ] --START--
INFO: Run ContentReplace Behavior [ RunTime:0.001061s ]
INFO: Run TokenBuild Behavior [ RunTime:0.001539s ]
INFO: Run WriteHtmlCache Behavior [ RunTime:0.001132s ]
INFO: Run ShowRuntime Behavior [ RunTime:0.001225s ]
INFO: [ view_filter ] --END-- [ RunTime:0.005247s ]
INFO: [ view_end ] --START--
INFO: Run ShowPageTrace Behavior [ RunTime:0.001365s ]
INFO: [ view_end ] --END-- [ RunTime:0.001468s ]

[ 2013-06-09T15:14:50+08:00 ] 127.0.0.1 /admin/Public/footer
INFO: [ view_template ] --START--
INFO: Run LocationTemplate Behavior [ RunTime:0.003240s ]
INFO: [ view_template ] --END-- [ RunTime:0.003429s ]
INFO: [ view_parse ] --START--
INFO: Run ParseTemplate Behavior [ RunTime:0.018101s ]
INFO: [ view_parse ] --END-- [ RunTime:0.018281s ]
INFO: [ view_filter ] --START--
INFO: Run ContentReplace Behavior [ RunTime:0.002207s ]
INFO: Run TokenBuild Behavior [ RunTime:0.003792s ]
INFO: Run WriteHtmlCache Behavior [ RunTime:0.001581s ]
INFO: Run ShowRuntime Behavior [ RunTime:0.001422s ]
INFO: [ view_filter ] --END-- [ RunTime:0.009779s ]
INFO: [ view_end ] --START--
INFO: Run ShowPageTrace Behavior [ RunTime:0.001680s ]
INFO: [ view_end ] --END-- [ RunTime:0.001805s ]

[ 2013-06-09T15:14:50+08:00 ] 127.0.0.1 /Public/Images/body_bg.gif
ERR: 无法加载模块:Public

[ 2013-06-09T16:35:39+08:00 ] 127.0.0.1 /Index/login
ERR: Model:getUserByMail您所请求的方法不存在！

[ 2013-06-09T16:43:10+08:00 ] 127.0.0.1 /Index/login
ERR: Model:getUserByMail您所请求的方法不存在！

[ 2013-06-09T16:43:21+08:00 ] 127.0.0.1 /Index/login
ERR: Model:getUserByMail您所请求的方法不存在！

[ 2013-06-09T16:43:29+08:00 ] 127.0.0.1 /Index/login
ERR: Model:getUserByMail您所请求的方法不存在！

[ 2013-06-09T16:45:05+08:00 ] 127.0.0.1 /Index/login
ERR: Model:getUserByMail您所请求的方法不存在！

[ 2013-06-09T16:45:21+08:00 ] 127.0.0.1 /Index/login
ERR: Model:getUserByMail您所请求的方法不存在！

[ 2013-06-09T16:49:00+08:00 ] 127.0.0.1 /Index/login
ERR: Model:getUserByMail您所请求的方法不存在！

[ 2013-06-09T17:01:04+08:00 ] 127.0.0.1 /Index/login
ERR: Model:getUserByMail您所请求的方法不存在！

